<?xml version="1.0" encoding="UTF-8"?>
<testng-results ignored="0" total="4" passed="3" failed="1" skipped="0">
  <reporter-output>
  </reporter-output>
  <suite started-at="2023-02-01T11:39:48 IST" name="Default suite" finished-at="2023-02-01T11:39:56 IST" duration-ms="8652">
    <groups>
      <group name="Smoke">
        <method signature="HomePage.Test01_Launch_application()[pri:0, instance:savaan.tests.HomePage@1a942c18]" name="Test01_Launch_application" class="savaan.tests.HomePage"/>
        <method signature="HomePage.Test02_Verfiy_Search_menu_is_present()[pri:0, instance:savaan.tests.HomePage@1a942c18]" name="Test02_Verfiy_Search_menu_is_present" class="savaan.tests.HomePage"/>
      </group> <!-- Smoke -->
    </groups>
    <test started-at="2023-02-01T11:39:48 IST" name="Default test" finished-at="2023-02-01T11:39:56 IST" duration-ms="8652">
      <class name="savaan.tests.HomePage">
        <test-method is-config="true" signature="Launch_browser(java.lang.String)[pri:0, instance:savaan.tests.HomePage@1a942c18]" started-at="2023-02-01T11:39:48 IST" name="Launch_browser" finished-at="2023-02-01T11:39:51 IST" duration-ms="2896" status="PASS">
          <params>
            <param index="0">
              <value is-null="true"/>
            </param>
          </params>
          <reporter-output>
          </reporter-output>
        </test-method> <!-- Launch_browser -->
        <test-method signature="Test01_Launch_application()[pri:0, instance:savaan.tests.HomePage@1a942c18]" started-at="2023-02-01T11:39:51 IST" name="Test01_Launch_application" finished-at="2023-02-01T11:39:54 IST" duration-ms="2773" status="PASS">
          <reporter-output>
          </reporter-output>
        </test-method> <!-- Test01_Launch_application -->
        <test-method signature="Test02_Verfiy_Search_menu_is_present()[pri:0, instance:savaan.tests.HomePage@1a942c18]" started-at="2023-02-01T11:39:54 IST" name="Test02_Verfiy_Search_menu_is_present" finished-at="2023-02-01T11:39:54 IST" duration-ms="106" status="PASS">
          <reporter-output>
          </reporter-output>
        </test-method> <!-- Test02_Verfiy_Search_menu_is_present -->
        <test-method signature="Test03_Verify_User_Is_Able_To_Search()[pri:0, instance:savaan.tests.HomePage@1a942c18]" started-at="2023-02-01T11:39:54 IST" name="Test03_Verify_User_Is_Able_To_Search" finished-at="2023-02-01T11:39:54 IST" duration-ms="565" status="PASS">
          <reporter-output>
          </reporter-output>
        </test-method> <!-- Test03_Verify_User_Is_Able_To_Search -->
        <test-method signature="Test04_Verify_Language_Dropdown_Is_Available()[pri:0, instance:savaan.tests.HomePage@1a942c18]" started-at="2023-02-01T11:39:54 IST" name="Test04_Verify_Language_Dropdown_Is_Available" finished-at="2023-02-01T11:39:56 IST" duration-ms="2247" status="FAIL">
          <exception class="java.lang.AssertionError">
            <message>
              <![CDATA[Language Modal Not displaying expected [[[ChromeDriver: chrome on WINDOWS (c5408c7b45097cc80309460fd8cf0ce4)] -> css selector: [class="c-dropdown__content"]]] but found [true]]]>
            </message>
            <full-stacktrace>
              <![CDATA[java.lang.AssertionError: Language Modal Not displaying expected [[[ChromeDriver: chrome on WINDOWS (c5408c7b45097cc80309460fd8cf0ce4)] -> css selector: [class="c-dropdown__content"]]] but found [true]
at org.testng.Assert.fail(Assert.java:110)
at org.testng.Assert.failNotEquals(Assert.java:1577)
at org.testng.Assert.assertEqualsImpl(Assert.java:149)
at org.testng.Assert.assertEquals(Assert.java:131)
at savaan.tests.HomePage.Test04_Verify_Language_Dropdown_Is_Available(HomePage.java:78)
at java.base/jdk.internal.reflect.NativeMethodAccessorImpl.invoke0(Native Method)
at java.base/jdk.internal.reflect.NativeMethodAccessorImpl.invoke(NativeMethodAccessorImpl.java:77)
at java.base/jdk.internal.reflect.DelegatingMethodAccessorImpl.invoke(DelegatingMethodAccessorImpl.java:43)
at java.base/java.lang.reflect.Method.invoke(Method.java:568)
at org.testng.internal.invokers.MethodInvocationHelper.invokeMethod(MethodInvocationHelper.java:139)
at org.testng.internal.invokers.TestInvoker.invokeMethod(TestInvoker.java:677)
at org.testng.internal.invokers.TestInvoker.invokeTestMethod(TestInvoker.java:221)
at org.testng.internal.invokers.MethodRunner.runInSequence(MethodRunner.java:50)
at org.testng.internal.invokers.TestInvoker$MethodInvocationAgent.invoke(TestInvoker.java:969)
at org.testng.internal.invokers.TestInvoker.invokeTestMethods(TestInvoker.java:194)
at org.testng.internal.invokers.TestMethodWorker.invokeTestMethods(TestMethodWorker.java:148)
at org.testng.internal.invokers.TestMethodWorker.run(TestMethodWorker.java:128)
at java.base/java.util.ArrayList.forEach(ArrayList.java:1511)
at org.testng.TestRunner.privateRun(TestRunner.java:829)
at org.testng.TestRunner.run(TestRunner.java:602)
at org.testng.SuiteRunner.runTest(SuiteRunner.java:437)
at org.testng.SuiteRunner.runSequentially(SuiteRunner.java:431)
at org.testng.SuiteRunner.privateRun(SuiteRunner.java:391)
at org.testng.SuiteRunner.run(SuiteRunner.java:330)
at org.testng.SuiteRunnerWorker.runSuite(SuiteRunnerWorker.java:52)
at org.testng.SuiteRunnerWorker.run(SuiteRunnerWorker.java:95)
at org.testng.TestNG.runSuitesSequentially(TestNG.java:1256)
at org.testng.TestNG.runSuitesLocally(TestNG.java:1176)
at org.testng.TestNG.runSuites(TestNG.java:1099)
at org.testng.TestNG.run(TestNG.java:1067)
at org.testng.remote.AbstractRemoteTestNG.run(AbstractRemoteTestNG.java:115)
at org.testng.remote.RemoteTestNG.initAndRun(RemoteTestNG.java:251)
at org.testng.remote.RemoteTestNG.main(RemoteTestNG.java:77)
]]>
            </full-stacktrace>
          </exception> <!-- java.lang.AssertionError -->
          <reporter-output>
          </reporter-output>
        </test-method> <!-- Test04_Verify_Language_Dropdown_Is_Available -->
      </class> <!-- savaan.tests.HomePage -->
    </test> <!-- Default test -->
  </suite> <!-- Default suite -->
</testng-results>
